INFO:root:computing no.1, bond: 唐钢转债(退市)
INFO:root:stock file: ./split_stock\000709.SZ\stock.csv
INFO:root:rate file: ./rate.xlsx
INFO:root:Loading data...
INFO:root:bond file: ./data/归档\唐钢转债(退市)\bond_filter_1.csv
INFO:root:stock file: ./split_stock\000709.SZ\stock.csv
INFO:root:rate file: ./rate.xlsx
INFO:root:Load data complete.
INFO:root:Calculate sigma_s and sigma_c.
INFO:root:可转债交易天数Nd: 1197
INFO:root:stock交易的日历天数N: 1797
INFO:root:股票平均收益率r_mean: -0.0015245571879864913
INFO:root:可转债面值C: 100
INFO:root:可转债年利率i: 0.008
INFO:root:到期年限T: 5
INFO:root:纯债价格V: 87.71334906527233
INFO:root:----------Statistics of sigma_s------------
INFO:root:Max: 4.616426575709466, Min: 0.05445207543417905, Mean: 0.8729415110393309
INFO:root:----------Statistics of sigma_c------------
INFO:root:Max: 40.400000000000006, Min: 0.2862093858571466, Mean: 5.109747438747307
INFO:root:----------Statistics of sigma_s - sigma_c------------
INFO:root:Max: 3.9924033262756584, Min: -40.161965734479786, Mean: -4.310969144249363
INFO:root:Finding arbitrage windows...
INFO:root:----------No.1 arbitrage window----------
INFO:root:Open day: 2008-01-29 00:00:00
INFO:root:Close day: 2008-09-16 00:00:00
INFO:root:Arbitrage window size: 232
INFO:root:delta: 0.8293955754365185
INFO:root:Arbitrage profit: -26.723030695577997
INFO:root:----------No.2 arbitrage window----------
INFO:root:Open day: 2008-12-31 00:00:00
INFO:root:Close day: 2009-04-01 00:00:00
INFO:root:Arbitrage window size: 92
INFO:root:delta: 0.734877627318729
INFO:root:Arbitrage profit: 9.154105758903853
INFO:root:----------No.3 arbitrage window----------
INFO:root:Open day: 2009-04-15 00:00:00
INFO:root:Close day: 2009-06-18 00:00:00
INFO:root:Arbitrage window size: 65
INFO:root:delta: 0.6992560295059632
INFO:root:Arbitrage profit: 5.625929963117546
INFO:root:----------No.4 arbitrage window----------
INFO:root:Open day: 2009-08-17 00:00:00
INFO:root:Close day: 2009-08-25 00:00:00
INFO:root:Arbitrage window size: 9
INFO:root:delta: 0.8173074577170737
INFO:root:Arbitrage profit: 2.6961537898520973
INFO:root:----------No.5 arbitrage window----------
INFO:root:Open day: 2009-08-28 00:00:00
INFO:root:Close day: 2009-09-30 00:00:00
INFO:root:Arbitrage window size: 34
INFO:root:delta: 0.809906472697999
INFO:root:Arbitrage profit: -10.555301009486168
INFO:root:----------No.6 arbitrage window----------
INFO:root:Open day: 2010-01-25 00:00:00
INFO:root:Close day: 2010-03-01 00:00:00
INFO:root:Arbitrage window size: 36
INFO:root:delta: 0.7466533183289511
INFO:root:Arbitrage profit: -0.6365394735686865
INFO:root:----------No.7 arbitrage window----------
INFO:root:Open day: 2011-04-12 00:00:00
INFO:root:Close day: 2011-05-10 00:00:00
INFO:root:Arbitrage window size: 29
INFO:root:delta: 0.7133053390210173
INFO:root:Arbitrage profit: 2.7439916017063064
INFO:root:Loading data...
INFO:root:bond file: ./data/归档\唐钢转债(退市)\bond_filter_1.csv
INFO:root:stock file: ./split_stock\000709.SZ\stock.csv
INFO:root:rate file: ./rate.xlsx
INFO:root:Load data complete.
INFO:root:Calculate sigma_s and sigma_c.
INFO:root:可转债交易天数Nd: 1197
INFO:root:stock交易的日历天数N: 1797
INFO:root:股票平均收益率r_mean: -0.0015245571879864913
INFO:root:可转债面值C: 100
INFO:root:可转债年利率i: 0.008
INFO:root:到期年限T: 5
INFO:root:纯债价格V: 87.71334906527233
INFO:root:----------Statistics of sigma_s------------
INFO:root:Max: 4.616426575709466, Min: 0.05445207543417905, Mean: 0.8729415110393309
INFO:root:----------Statistics of sigma_c------------
INFO:root:Max: 40.400000000000006, Min: 0.2862093858571466, Mean: 5.109747438747307
INFO:root:----------Statistics of sigma_s - sigma_c------------
INFO:root:Max: 3.9924033262756584, Min: -40.161965734479786, Mean: -4.310969144249363
INFO:root:Finding arbitrage windows...
INFO:root:----------No.1 arbitrage window----------
INFO:root:Open day: 2008-01-29 00:00:00
INFO:root:Close day: 2008-09-16 00:00:00
INFO:root:Arbitrage window size: 232
INFO:root:delta: 0.8293955754365185
INFO:root:Arbitrage profit: -26.723030695577997
INFO:root:----------No.2 arbitrage window----------
INFO:root:Open day: 2008-12-31 00:00:00
INFO:root:Close day: 2009-04-01 00:00:00
INFO:root:Arbitrage window size: 92
INFO:root:delta: 0.734877627318729
INFO:root:Arbitrage profit: 9.154105758903853
INFO:root:----------No.3 arbitrage window----------
INFO:root:Open day: 2009-04-15 00:00:00
INFO:root:Close day: 2009-06-18 00:00:00
INFO:root:Arbitrage window size: 65
INFO:root:delta: 0.6992560295059632
INFO:root:Arbitrage profit: 5.625929963117546
INFO:root:----------No.4 arbitrage window----------
INFO:root:Open day: 2009-08-17 00:00:00
INFO:root:Close day: 2009-08-25 00:00:00
INFO:root:Arbitrage window size: 9
INFO:root:delta: 0.8173074577170737
INFO:root:Arbitrage profit: 2.6961537898520973
INFO:root:----------No.5 arbitrage window----------
INFO:root:Open day: 2009-08-28 00:00:00
INFO:root:Close day: 2009-09-30 00:00:00
INFO:root:Arbitrage window size: 34
INFO:root:delta: 0.809906472697999
INFO:root:Arbitrage profit: -10.555301009486168
INFO:root:----------No.6 arbitrage window----------
INFO:root:Open day: 2010-01-25 00:00:00
INFO:root:Close day: 2010-03-01 00:00:00
INFO:root:Arbitrage window size: 36
INFO:root:delta: 0.7466533183289511
INFO:root:Arbitrage profit: -0.6365394735686865
INFO:root:----------No.7 arbitrage window----------
INFO:root:Open day: 2011-04-12 00:00:00
INFO:root:Close day: 2011-05-10 00:00:00
INFO:root:Arbitrage window size: 29
INFO:root:delta: 0.7133053390210173
INFO:root:Arbitrage profit: 2.7439916017063064
INFO:root:computing no.2, bond: 国投转债(退市)
INFO:root:stock file: ./split_stock\600886.SH\stock.csv
INFO:root:rate file: ./rate.xlsx
INFO:root:Loading data...
INFO:root:bond file: ./data/归档\国投转债(退市)\bond_filter_1.csv
INFO:root:stock file: ./split_stock\600886.SH\stock.csv
INFO:root:rate file: ./rate.xlsx
INFO:root:Load data complete.
INFO:root:Calculate sigma_s and sigma_c.
INFO:root:可转债交易天数Nd: 580
INFO:root:stock交易的日历天数N: 871
INFO:root:股票平均收益率r_mean: -0.0007004514320571086
INFO:root:可转债面值C: 100
INFO:root:可转债年利率i: 0.005
INFO:root:到期年限T: 6
INFO:root:纯债价格V: 83.89067546736084
INFO:root:----------Statistics of sigma_s------------
INFO:root:Max: 2.8617819141176115, Min: 0.2172488039576719, Mean: 0.49878581060858895
INFO:root:----------Statistics of sigma_c------------
INFO:root:Max: 0.3688811924145409, Min: 0.09920818726365085, Mean: 0.24074832326950515
INFO:root:----------Statistics of sigma_s - sigma_c------------
INFO:root:Max: 2.6577556663908646, Min: -0.10855594446051375, Mean: 0.25918328423122516
INFO:root:Finding arbitrage windows...
INFO:root:----------No.1 arbitrage window----------
INFO:root:Open day: 2011-04-29 00:00:00
INFO:root:Close day: 2011-06-23 00:00:00
INFO:root:Arbitrage window size: 56
INFO:root:delta: 0.655513474582595
INFO:root:Arbitrage profit: -4.847931390671584
INFO:root:----------No.2 arbitrage window----------
INFO:root:Open day: 2011-08-08 00:00:00
INFO:root:Close day: 2012-05-22 00:00:00
INFO:root:Arbitrage window size: 289
INFO:root:delta: 0.622436793974018
INFO:root:Arbitrage profit: -6.803570575578187
INFO:root:----------No.3 arbitrage window----------
INFO:root:Open day: 2012-06-25 00:00:00
INFO:root:Close day: 2012-07-27 00:00:00
INFO:root:Arbitrage window size: 33
INFO:root:delta: 0.847318829780532
INFO:root:Arbitrage profit: 3.111678259573655
INFO:root:----------No.4 arbitrage window----------
INFO:root:Open day: 2012-11-16 00:00:00
INFO:root:Close day: 2013-07-05 00:00:00
INFO:root:Arbitrage window size: 232
INFO:root:delta: 0.6325689174482876
INFO:root:Arbitrage profit: 20.670523052495184
INFO:root:Loading data...
INFO:root:bond file: ./data/归档\国投转债(退市)\bond_filter_1.csv
INFO:root:stock file: ./split_stock\600886.SH\stock.csv
INFO:root:rate file: ./rate.xlsx
INFO:root:Load data complete.
INFO:root:Calculate sigma_s and sigma_c.
INFO:root:可转债交易天数Nd: 580
INFO:root:stock交易的日历天数N: 871
INFO:root:股票平均收益率r_mean: -0.0007004514320571086
INFO:root:可转债面值C: 100
INFO:root:可转债年利率i: 0.005
INFO:root:到期年限T: 6
INFO:root:纯债价格V: 83.89067546736084
INFO:root:----------Statistics of sigma_s------------
INFO:root:Max: 2.8617819141176115, Min: 0.2172488039576719, Mean: 0.49878581060858895
INFO:root:----------Statistics of sigma_c------------
INFO:root:Max: 0.3688811924145409, Min: 0.09920818726365085, Mean: 0.24074832326950515
INFO:root:----------Statistics of sigma_s - sigma_c------------
INFO:root:Max: 2.6577556663908646, Min: -0.10855594446051375, Mean: 0.25918328423122516
INFO:root:Finding arbitrage windows...
INFO:root:----------No.1 arbitrage window----------
INFO:root:Open day: 2011-04-29 00:00:00
INFO:root:Close day: 2011-06-23 00:00:00
INFO:root:Arbitrage window size: 56
INFO:root:delta: 0.655513474582595
INFO:root:Arbitrage profit: -4.847931390671584
INFO:root:----------No.2 arbitrage window----------
INFO:root:Open day: 2011-08-08 00:00:00
INFO:root:Close day: 2012-05-22 00:00:00
INFO:root:Arbitrage window size: 289
INFO:root:delta: 0.622436793974018
INFO:root:Arbitrage profit: -6.803570575578187
INFO:root:----------No.3 arbitrage window----------
INFO:root:Open day: 2012-06-25 00:00:00
INFO:root:Close day: 2012-07-27 00:00:00
INFO:root:Arbitrage window size: 33
INFO:root:delta: 0.847318829780532
INFO:root:Arbitrage profit: 3.111678259573655
INFO:root:----------No.4 arbitrage window----------
INFO:root:Open day: 2012-11-16 00:00:00
INFO:root:Close day: 2013-07-05 00:00:00
INFO:root:Arbitrage window size: 232
INFO:root:delta: 0.6325689174482876
INFO:root:Arbitrage profit: 20.670523052495184
INFO:root:computing no.3, bond: 国电转债(退市)
INFO:root:stock file: ./split_stock\600795.SH\stock.csv
INFO:root:rate file: ./rate.xlsx
INFO:root:Loading data...
INFO:root:bond file: ./data/归档\国电转债(退市)\bond_filter_1.csv
INFO:root:stock file: ./split_stock\600795.SH\stock.csv
INFO:root:rate file: ./rate.xlsx
INFO:root:Load data complete.
INFO:root:Calculate sigma_s and sigma_c.
INFO:root:可转债交易天数Nd: 902
INFO:root:stock交易的日历天数N: 1358
INFO:root:股票平均收益率r_mean: 0.0007376572343117829
INFO:root:可转债面值C: 100
INFO:root:可转债年利率i: 0.008
INFO:root:到期年限T: 5
INFO:root:纯债价格V: 87.71334906527233
INFO:root:----------Statistics of sigma_s------------
INFO:root:Max: 3.367944688460161, Min: 0.09531275550554837, Mean: 0.7627802466986329
INFO:root:----------Statistics of sigma_c------------
INFO:root:Max: 0.8021530292269148, Min: 0.001104267263489403, Mean: 0.31922529694343854
INFO:root:----------Statistics of sigma_s - sigma_c------------
INFO:root:Max: 3.35128910668043, Min: -0.24527742060839847, Mean: 0.4406817000764911
INFO:root:Finding arbitrage windows...
INFO:root:----------No.1 arbitrage window----------
INFO:root:Open day: 2003-09-10 00:00:00
INFO:root:Close day: 2006-03-13 00:00:00
INFO:root:Arbitrage window size: 916
INFO:root:delta: 0.605731741218944
INFO:root:Arbitrage profit: 3.865219661363342
INFO:root:----------No.2 arbitrage window----------
INFO:root:Open day: 2006-04-14 00:00:00
INFO:root:Close day: 2006-08-28 00:00:00
INFO:root:Arbitrage window size: 137
INFO:root:delta: 0.6331397685766728
INFO:root:Arbitrage profit: -1.0065118148613386
INFO:root:----------No.3 arbitrage window----------
INFO:root:Open day: 2006-08-31 00:00:00
INFO:root:Close day: 2006-09-28 00:00:00
INFO:root:Arbitrage window size: 29
INFO:root:delta: 0.8815734758238036
INFO:root:Arbitrage profit: 1.039999999999992
INFO:root:----------No.4 arbitrage window----------
INFO:root:Open day: 2006-11-22 00:00:00
INFO:root:Close day: 2006-12-20 00:00:00
INFO:root:Arbitrage window size: 29
INFO:root:delta: 0.6469610665535387
INFO:root:Arbitrage profit: 4.471773504010182
INFO:root:----------No.5 arbitrage window----------
INFO:root:Open day: 2007-01-05 00:00:00
INFO:root:Close day: 2007-04-20 00:00:00
INFO:root:Arbitrage window size: 106
INFO:root:delta: 0.7329147994535085
INFO:root:Arbitrage profit: 82.74829236786368
INFO:root:Loading data...
INFO:root:bond file: ./data/归档\国电转债(退市)\bond_filter_1.csv
INFO:root:stock file: ./split_stock\600795.SH\stock.csv
INFO:root:rate file: ./rate.xlsx
INFO:root:Load data complete.
INFO:root:Calculate sigma_s and sigma_c.
INFO:root:可转债交易天数Nd: 902
INFO:root:stock交易的日历天数N: 1358
INFO:root:股票平均收益率r_mean: 0.0007376572343117829
INFO:root:可转债面值C: 100
INFO:root:可转债年利率i: 0.008
INFO:root:到期年限T: 5
INFO:root:纯债价格V: 87.71334906527233
INFO:root:----------Statistics of sigma_s------------
INFO:root:Max: 3.367944688460161, Min: 0.09531275550554837, Mean: 0.7627802466986329
INFO:root:----------Statistics of sigma_c------------
INFO:root:Max: 0.8021530292269148, Min: 0.001104267263489403, Mean: 0.31922529694343854
INFO:root:----------Statistics of sigma_s - sigma_c------------
INFO:root:Max: 3.35128910668043, Min: -0.24527742060839847, Mean: 0.4406817000764911
INFO:root:Finding arbitrage windows...
INFO:root:----------No.1 arbitrage window----------
INFO:root:Open day: 2003-09-10 00:00:00
INFO:root:Close day: 2006-03-13 00:00:00
INFO:root:Arbitrage window size: 916
INFO:root:delta: 0.605731741218944
INFO:root:Arbitrage profit: 3.865219661363342
INFO:root:----------No.2 arbitrage window----------
INFO:root:Open day: 2006-04-14 00:00:00
INFO:root:Close day: 2006-08-28 00:00:00
INFO:root:Arbitrage window size: 137
INFO:root:delta: 0.6331397685766728
INFO:root:Arbitrage profit: -1.0065118148613386
INFO:root:----------No.3 arbitrage window----------
INFO:root:Open day: 2006-08-31 00:00:00
INFO:root:Close day: 2006-09-28 00:00:00
INFO:root:Arbitrage window size: 29
INFO:root:delta: 0.8815734758238036
INFO:root:Arbitrage profit: 1.039999999999992
INFO:root:----------No.4 arbitrage window----------
INFO:root:Open day: 2006-11-22 00:00:00
INFO:root:Close day: 2006-12-20 00:00:00
INFO:root:Arbitrage window size: 29
INFO:root:delta: 0.6469610665535387
INFO:root:Arbitrage profit: 4.471773504010182
INFO:root:----------No.5 arbitrage window----------
INFO:root:Open day: 2007-01-05 00:00:00
INFO:root:Close day: 2007-04-20 00:00:00
INFO:root:Arbitrage window size: 106
INFO:root:delta: 0.7329147994535085
INFO:root:Arbitrage profit: 82.74829236786368
INFO:root:computing no.4, bond: 桂冠转债(退市)
INFO:root:stock file: ./split_stock\600236.SH\stock.csv
INFO:root:rate file: ./rate.xlsx
INFO:root:Loading data...
INFO:root:bond file: ./data/归档\桂冠转债(退市)\bond_filter_1.csv
INFO:root:stock file: ./split_stock\600236.SH\stock.csv
INFO:root:rate file: ./rate.xlsx
INFO:root:Load data complete.
INFO:root:Calculate sigma_s and sigma_c.
INFO:root:可转债交易天数Nd: 1194
INFO:root:stock交易的日历天数N: 1795
INFO:root:股票平均收益率r_mean: 0.00022763628979652318
INFO:root:可转债面值C: 100
INFO:root:可转债年利率i: 0.011000000000000001
INFO:root:到期年限T: 5
INFO:root:纯债价格V: 89.07853250246428
INFO:root:----------Statistics of sigma_s------------
INFO:root:Max: 5.388624339881858, Min: 0.00812587998952754, Mean: 0.9464588439419201
INFO:root:----------Statistics of sigma_c------------
INFO:root:Max: 40.400000000000006, Min: 0.1506130668460547, Mean: 2.097373774898735
INFO:root:----------Statistics of sigma_s - sigma_c------------
INFO:root:Max: 5.027501767466997, Min: -40.39187412001048, Mean: -1.18170365402785
INFO:root:Finding arbitrage windows...
INFO:root:----------No.1 arbitrage window----------
INFO:root:Open day: 2003-08-12 00:00:00
INFO:root:Close day: 2005-12-02 00:00:00
INFO:root:Arbitrage window size: 844
INFO:root:delta: 0.5877022098167705
INFO:root:Arbitrage profit: 3.524711606888853
INFO:root:----------No.2 arbitrage window----------
INFO:root:Open day: 2006-01-05 00:00:00
INFO:root:Close day: 2006-05-18 00:00:00
INFO:root:Arbitrage window size: 134
INFO:root:delta: 0.693224486223462
INFO:root:Arbitrage profit: 1.9950628613940873
INFO:root:----------No.3 arbitrage window----------
INFO:root:Open day: 2006-06-08 00:00:00
INFO:root:Close day: 2007-06-01 00:00:00
INFO:root:Arbitrage window size: 359
INFO:root:delta: 0.7337359512512597
INFO:root:Arbitrage profit: 131.79166884225523
INFO:root:----------No.4 arbitrage window----------
INFO:root:Open day: 2007-06-05 00:00:00
INFO:root:Close day: 2007-08-09 00:00:00
INFO:root:Arbitrage window size: 66
INFO:root:delta: 0.8948291783697014
INFO:root:Arbitrage profit: 48.221410895367164
INFO:root:----------No.5 arbitrage window----------
INFO:root:Open day: 2007-08-13 00:00:00
INFO:root:Close day: 2007-08-29 00:00:00
INFO:root:Arbitrage window size: 17
INFO:root:delta: 0.8853988642201561
INFO:root:Arbitrage profit: 13.302512817761487
INFO:root:----------No.6 arbitrage window----------
INFO:root:Open day: 2008-03-20 00:00:00
INFO:root:Close day: 2008-03-27 00:00:00
INFO:root:Arbitrage window size: 8
INFO:root:delta: 0.8436248051290017
INFO:root:Arbitrage profit: 0.6542823557954626
INFO:root:----------No.7 arbitrage window----------
INFO:root:Open day: 2008-04-22 00:00:00
INFO:root:Close day: 2008-05-06 00:00:00
INFO:root:Arbitrage window size: 15
INFO:root:delta: 0.7130162846424016
INFO:root:Arbitrage profit: 27.589529384872293
INFO:root:----------No.8 arbitrage window----------
INFO:root:Open day: 2008-05-09 00:00:00
INFO:root:Close day: 2008-05-14 00:00:00
INFO:root:Arbitrage window size: 6
INFO:root:delta: 0.831693134584191
INFO:root:Arbitrage profit: -4.6707872953996095
INFO:root:----------No.9 arbitrage window----------
INFO:root:Open day: 2008-05-20 00:00:00
INFO:root:Close day: 2008-05-22 00:00:00
INFO:root:Arbitrage window size: 3
INFO:root:delta: 0.7635403576432099
INFO:root:Arbitrage profit: 5.269114910589192
INFO:root:Loading data...
INFO:root:bond file: ./data/归档\桂冠转债(退市)\bond_filter_1.csv
INFO:root:stock file: ./split_stock\600236.SH\stock.csv
INFO:root:rate file: ./rate.xlsx
INFO:root:Load data complete.
INFO:root:Calculate sigma_s and sigma_c.
INFO:root:可转债交易天数Nd: 1194
INFO:root:stock交易的日历天数N: 1795
INFO:root:股票平均收益率r_mean: 0.00022763628979652318
INFO:root:可转债面值C: 100
INFO:root:可转债年利率i: 0.011000000000000001
INFO:root:到期年限T: 5
INFO:root:纯债价格V: 89.07853250246428
INFO:root:----------Statistics of sigma_s------------
INFO:root:Max: 5.388624339881858, Min: 0.00812587998952754, Mean: 0.9464588439419201
INFO:root:----------Statistics of sigma_c------------
INFO:root:Max: 40.400000000000006, Min: 0.1506130668460547, Mean: 2.097373774898735
INFO:root:----------Statistics of sigma_s - sigma_c------------
INFO:root:Max: 5.027501767466997, Min: -40.39187412001048, Mean: -1.18170365402785
INFO:root:Finding arbitrage windows...
INFO:root:----------No.1 arbitrage window----------
INFO:root:Open day: 2003-08-12 00:00:00
INFO:root:Close day: 2005-12-02 00:00:00
INFO:root:Arbitrage window size: 844
INFO:root:delta: 0.5877022098167705
INFO:root:Arbitrage profit: 3.524711606888853
INFO:root:----------No.2 arbitrage window----------
INFO:root:Open day: 2006-01-05 00:00:00
INFO:root:Close day: 2006-05-18 00:00:00
INFO:root:Arbitrage window size: 134
INFO:root:delta: 0.693224486223462
INFO:root:Arbitrage profit: 1.9950628613940873
INFO:root:----------No.3 arbitrage window----------
INFO:root:Open day: 2006-06-08 00:00:00
INFO:root:Close day: 2007-06-01 00:00:00
INFO:root:Arbitrage window size: 359
INFO:root:delta: 0.7337359512512597
INFO:root:Arbitrage profit: 131.79166884225523
INFO:root:----------No.4 arbitrage window----------
INFO:root:Open day: 2007-06-05 00:00:00
INFO:root:Close day: 2007-08-09 00:00:00
INFO:root:Arbitrage window size: 66
INFO:root:delta: 0.8948291783697014
INFO:root:Arbitrage profit: 48.221410895367164
INFO:root:----------No.5 arbitrage window----------
INFO:root:Open day: 2007-08-13 00:00:00
INFO:root:Close day: 2007-08-29 00:00:00
INFO:root:Arbitrage window size: 17
INFO:root:delta: 0.8853988642201561
INFO:root:Arbitrage profit: 13.302512817761487
INFO:root:----------No.6 arbitrage window----------
INFO:root:Open day: 2008-03-20 00:00:00
INFO:root:Close day: 2008-03-27 00:00:00
INFO:root:Arbitrage window size: 8
INFO:root:delta: 0.8436248051290017
INFO:root:Arbitrage profit: 0.6542823557954626
INFO:root:----------No.7 arbitrage window----------
INFO:root:Open day: 2008-04-22 00:00:00
INFO:root:Close day: 2008-05-06 00:00:00
INFO:root:Arbitrage window size: 15
INFO:root:delta: 0.7130162846424016
INFO:root:Arbitrage profit: 27.589529384872293
INFO:root:----------No.8 arbitrage window----------
INFO:root:Open day: 2008-05-09 00:00:00
INFO:root:Close day: 2008-05-14 00:00:00
INFO:root:Arbitrage window size: 6
INFO:root:delta: 0.831693134584191
INFO:root:Arbitrage profit: -4.6707872953996095
INFO:root:----------No.9 arbitrage window----------
INFO:root:Open day: 2008-05-20 00:00:00
INFO:root:Close day: 2008-05-22 00:00:00
INFO:root:Arbitrage window size: 3
INFO:root:delta: 0.7635403576432099
INFO:root:Arbitrage profit: 5.269114910589192
INFO:root:computing no.5, bond: 雅戈转债(退市)
INFO:root:stock file: ./split_stock\600177.SH\stock.csv
INFO:root:rate file: ./rate.xlsx
INFO:root:Loading data...
INFO:root:bond file: ./data/归档\雅戈转债(退市)\bond_filter_1.csv
INFO:root:stock file: ./split_stock\600177.SH\stock.csv
INFO:root:rate file: ./rate.xlsx
INFO:root:Load data complete.
INFO:root:Calculate sigma_s and sigma_c.
INFO:root:可转债交易天数Nd: 697
INFO:root:stock交易的日历天数N: 1054
INFO:root:股票平均收益率r_mean: -0.0009506610636497324
INFO:root:可转债面值C: 100
INFO:root:可转债年利率i: 0.01
INFO:root:到期年限T: 3
INFO:root:纯债价格V: 92.938752978215
INFO:root:----------Statistics of sigma_s------------
INFO:root:Max: 3.5602140482294873, Min: 0.18632789068403055, Mean: 0.5865792922403114
INFO:root:----------Statistics of sigma_c------------
INFO:root:Max: 1.3770290857394736, Min: 5.929026910378443e-05, Mean: 0.30850259530569607
INFO:root:----------Statistics of sigma_s - sigma_c------------
INFO:root:Max: 3.5378115999135837, Min: -0.983717270754057, Mean: 0.27024126977271135
INFO:root:Finding arbitrage windows...
INFO:root:----------No.1 arbitrage window----------
INFO:root:Open day: 2003-05-28 00:00:00
INFO:root:Close day: 2004-12-01 00:00:00
INFO:root:Arbitrage window size: 554
INFO:root:delta: 0.672869545917951
INFO:root:Arbitrage profit: 6.480998174794066
INFO:root:----------No.2 arbitrage window----------
INFO:root:Open day: 2005-01-21 00:00:00
INFO:root:Close day: 2005-09-28 00:00:00
INFO:root:Arbitrage window size: 251
INFO:root:delta: 0.6945787672774851
INFO:root:Arbitrage profit: 0.8308806168115199
INFO:root:Loading data...
INFO:root:bond file: ./data/归档\雅戈转债(退市)\bond_filter_1.csv
INFO:root:stock file: ./split_stock\600177.SH\stock.csv
INFO:root:rate file: ./rate.xlsx
INFO:root:Load data complete.
INFO:root:Calculate sigma_s and sigma_c.
INFO:root:可转债交易天数Nd: 697
INFO:root:stock交易的日历天数N: 1054
INFO:root:股票平均收益率r_mean: -0.0009506610636497324
INFO:root:可转债面值C: 100
INFO:root:可转债年利率i: 0.01
INFO:root:到期年限T: 3
INFO:root:纯债价格V: 92.938752978215
INFO:root:----------Statistics of sigma_s------------
INFO:root:Max: 3.5602140482294873, Min: 0.18632789068403055, Mean: 0.5865792922403114
INFO:root:----------Statistics of sigma_c------------
INFO:root:Max: 1.3770290857394736, Min: 5.929026910378443e-05, Mean: 0.30850259530569607
INFO:root:----------Statistics of sigma_s - sigma_c------------
INFO:root:Max: 3.5378115999135837, Min: -0.983717270754057, Mean: 0.27024126977271135
INFO:root:Finding arbitrage windows...
INFO:root:----------No.1 arbitrage window----------
INFO:root:Open day: 2003-05-28 00:00:00
INFO:root:Close day: 2004-12-01 00:00:00
INFO:root:Arbitrage window size: 554
INFO:root:delta: 0.672869545917951
INFO:root:Arbitrage profit: 6.480998174794066
INFO:root:----------No.2 arbitrage window----------
INFO:root:Open day: 2005-01-21 00:00:00
INFO:root:Close day: 2005-09-28 00:00:00
INFO:root:Arbitrage window size: 251
INFO:root:delta: 0.6945787672774851
INFO:root:Arbitrage profit: 0.8308806168115199
INFO:root:Failure when computing:
INFO:root:
INFO:root:computing no.1, bond: 唐钢转债(退市)
INFO:root:stock file: ./split_stock\000709.SZ\stock.csv
INFO:root:rate file: ./rate.xlsx
INFO:root:Loading data...
INFO:root:bond file: ./data/归档\唐钢转债(退市)\bond_filter_1.csv
INFO:root:stock file: ./split_stock\000709.SZ\stock.csv
INFO:root:rate file: ./rate.xlsx
INFO:root:Load data complete.
INFO:root:Calculate sigma_s and sigma_c.
INFO:root:可转债交易天数Nd: 1197
INFO:root:stock交易的日历天数N: 1797
